# JRE version: OpenJDK Runtime Environment OpenLogic-OpenJDK (17.0.15+6) (build 17.0.15+6-adhoc..jdk17u)
# Java VM: OpenJDK 64-Bit Server VM OpenLogic-OpenJDK (17.0.15+6-adhoc..jdk17u, mixed mode, sharing, tiered, compressed oops, compressed class ptrs, g1 gc, windows-amd64)
GC Precious Log:
 CPUs: 16 total, 16 available
 Memory: 16307M
 Large Page Support: Disabled
 NUMA Support: Disabled
 Compressed Oops: Enabled (32-bit)
 Heap Region Size: 1M
 Heap Min Capacity: 8M
 Heap Initial Capacity: 256M
 Heap Max Capacity: 2G
 Pre-touch: Disabled
 Parallel Workers: 13
 Concurrent Workers: 3
 Concurrent Refinement Workers: 13
 Periodic GC: Disabled
Heap:
 garbage-first heap   total 262144K, used 209869K [0x0000000080000000, 0x0000000100000000)
  region size 1024K, 2 young (2048K), 2 survivors (2048K)
 Metaspace       used 160604K, committed 161664K, reserved 1245184K
  class space    used 20527K, committed 21056K, reserved 1048576K
GC Heap History (20 events):
Event: 19.481 GC heap after
{Heap after GC invocations=59 (full 0):
 garbage-first heap   total 256000K, used 176521K [0x0000000080000000, 0x0000000100000000)
  region size 1024K, 6 young (6144K), 6 survivors (6144K)
 Metaspace       used 153140K, committed 154176K, reserved 1245184K
  class space    used 19547K, committed 20032K, reserved 1048576K
}
Event: 19.789 GC heap before
{Heap before GC invocations=59 (full 0):
 garbage-first heap   total 256000K, used 220553K [0x0000000080000000, 0x0000000100000000)
  region size 1024K, 49 young (50176K), 6 survivors (6144K)
 Metaspace       used 155528K, committed 156544K, reserved 1245184K
  class space    used 19908K, committed 20416K, reserved 1048576K
}
Event: 19.793 GC heap after
{Heap after GC invocations=60 (full 0):
 garbage-first heap   total 256000K, used 179186K [0x0000000080000000, 0x0000000100000000)
  region size 1024K, 6 young (6144K), 6 survivors (6144K)
 Metaspace       used 155528K, committed 156544K, reserved 1245184K
  class space    used 19908K, committed 20416K, reserved 1048576K
}
Event: 20.114 GC heap before
{Heap before GC invocations=60 (full 0):
 garbage-first heap   total 256000K, used 221170K [0x0000000080000000, 0x0000000100000000)
  region size 1024K, 47 young (48128K), 6 survivors (6144K)
 Metaspace       used 159272K, committed 160320K, reserved 1245184K
  class space    used 20422K, committed 20928K, reserved 1048576K
}
Event: 20.116 GC heap after
{Heap after GC invocations=61 (full 0):
 garbage-first heap   total 256000K, used 181208K [0x0000000080000000, 0x0000000100000000)
  region size 1024K, 5 young (5120K), 5 survivors (5120K)
 Metaspace       used 159272K, committed 160320K, reserved 1245184K
  class space    used 20422K, committed 20928K, reserved 1048576K
}
Event: 21.090 GC heap before
{Heap before GC invocations=61 (full 0):
 garbage-first heap   total 256000K, used 222168K [0x0000000080000000, 0x0000000100000000)
  region size 1024K, 45 young (46080K), 5 survivors (5120K)
 Metaspace       used 160026K, committed 161152K, reserved 1245184K
  class space    used 20506K, committed 21056K, reserved 1048576K
}
Event: 21.092 GC heap after
{Heap after GC invocations=62 (full 0):
 garbage-first heap   total 256000K, used 183300K [0x0000000080000000, 0x0000000100000000)
  region size 1024K, 5 young (5120K), 5 survivors (5120K)
 Metaspace       used 160026K, committed 161152K, reserved 1245184K
  class space    used 20506K, committed 21056K, reserved 1048576K
}
Event: 21.577 GC heap before
{Heap before GC invocations=62 (full 0):
 garbage-first heap   total 256000K, used 222212K [0x0000000080000000, 0x0000000100000000)
  region size 1024K, 43 young (44032K), 5 survivors (5120K)
 Metaspace       used 160376K, committed 161472K, reserved 1245184K
  class space    used 20511K, committed 21056K, reserved 1048576K
}
Event: 21.581 GC heap after
{Heap after GC invocations=63 (full 0):
 garbage-first heap   total 256000K, used 186551K [0x0000000080000000, 0x0000000100000000)
  region size 1024K, 6 young (6144K), 6 survivors (6144K)
 Metaspace       used 160376K, committed 161472K, reserved 1245184K
  class space    used 20511K, committed 21056K, reserved 1048576K
}
Event: 21.753 GC heap before
{Heap before GC invocations=63 (full 0):
 garbage-first heap   total 256000K, used 221367K [0x0000000080000000, 0x0000000100000000)
  region size 1024K, 41 young (41984K), 6 survivors (6144K)
 Metaspace       used 160569K, committed 161664K, reserved 1245184K
  class space    used 20526K, committed 21056K, reserved 1048576K
}
Event: 21.755 GC heap after
{Heap after GC invocations=64 (full 0):
 garbage-first heap   total 256000K, used 190104K [0x0000000080000000, 0x0000000100000000)
  region size 1024K, 6 young (6144K), 6 survivors (6144K)
 Metaspace       used 160569K, committed 161664K, reserved 1245184K
  class space    used 20526K, committed 21056K, reserved 1048576K
}
Event: 21.859 GC heap before
{Heap before GC invocations=64 (full 0):
 garbage-first heap   total 256000K, used 205464K [0x0000000080000000, 0x0000000100000000)
  region size 1024K, 15 young (15360K), 6 survivors (6144K)
 Metaspace       used 160596K, committed 161664K, reserved 1245184K
  class space    used 20527K, committed 21056K, reserved 1048576K
}
Event: 21.861 GC heap after
{Heap after GC invocations=65 (full 0):
 garbage-first heap   total 256000K, used 192042K [0x0000000080000000, 0x0000000100000000)
  region size 1024K, 2 young (2048K), 2 survivors (2048K)
 Metaspace       used 160596K, committed 161664K, reserved 1245184K
  class space    used 20527K, committed 21056K, reserved 1048576K
}
Event: 21.919 GC heap before
{Heap before GC invocations=65 (full 0):
 garbage-first heap   total 256000K, used 225834K [0x0000000080000000, 0x0000000100000000)
  region size 1024K, 28 young (28672K), 2 survivors (2048K)
 Metaspace       used 160598K, committed 161664K, reserved 1245184K
  class space    used 20527K, committed 21056K, reserved 1048576K
}
Event: 21.921 GC heap after
{Heap after GC invocations=66 (full 0):
 garbage-first heap   total 256000K, used 204421K [0x0000000080000000, 0x0000000100000000)
  region size 1024K, 4 young (4096K), 4 survivors (4096K)
 Metaspace       used 160598K, committed 161664K, reserved 1245184K
  class space    used 20527K, committed 21056K, reserved 1048576K
}
Event: 21.931 GC heap before
{Heap before GC invocations=66 (full 0):
 garbage-first heap   total 256000K, used 209541K [0x0000000080000000, 0x0000000100000000)
  region size 1024K, 10 young (10240K), 4 survivors (4096K)
 Metaspace       used 160598K, committed 161664K, reserved 1245184K
  class space    used 20527K, committed 21056K, reserved 1048576K
}
Event: 21.933 GC heap after
{Heap after GC invocations=67 (full 0):
 garbage-first heap   total 256000K, used 209754K [0x0000000080000000, 0x0000000100000000)
  region size 1024K, 3 young (3072K), 3 survivors (3072K)
 Metaspace       used 160598K, committed 161664K, reserved 1245184K
  class space    used 20527K, committed 21056K, reserved 1048576K
}
Event: 21.948 GC heap before
{Heap before GC invocations=67 (full 0):
 garbage-first heap   total 256000K, used 219994K [0x0000000080000000, 0x0000000100000000)
  region size 1024K, 12 young (12288K), 3 survivors (3072K)
 Metaspace       used 160598K, committed 161664K, reserved 1245184K
  class space    used 20527K, committed 21056K, reserved 1048576K
}
Event: 21.950 GC heap after
{Heap after GC invocations=68 (full 0):
 garbage-first heap   total 256000K, used 206865K [0x0000000080000000, 0x0000000100000000)
  region size 1024K, 2 young (2048K), 2 survivors (2048K)
 Metaspace       used 160598K, committed 161664K, reserved 1245184K
  class space    used 20527K, committed 21056K, reserved 1048576K
}
Event: 21.963 GC heap before
{Heap before GC invocations=68 (full 0):
 garbage-first heap   total 256000K, used 217105K [0x0000000080000000, 0x0000000100000000)
  region size 1024K, 12 young (12288K), 2 survivors (2048K)
 Metaspace       used 160604K, committed 161664K, reserved 1245184K
  class space    used 20527K, committed 21056K, reserved 1048576K
}

