# JRE version: OpenJDK Runtime Environment OpenLogic-OpenJDK (17.0.15+6) (build 17.0.15+6-adhoc..jdk17u)
# Java VM: OpenJDK 64-Bit Server VM OpenLogic-OpenJDK (17.0.15+6-adhoc..jdk17u, mixed mode, sharing, tiered, compressed oops, compressed class ptrs, g1 gc, windows-amd64)
GC Precious Log:
 CPUs: 16 total, 16 available
 Memory: 16307M
 Large Page Support: Disabled
 NUMA Support: Disabled
 Compressed Oops: Enabled (32-bit)
 Heap Region Size: 1M
 Heap Min Capacity: 8M
 Heap Initial Capacity: 256M
 Heap Max Capacity: 2G
 Pre-touch: Disabled
 Parallel Workers: 13
 Concurrent Workers: 3
 Concurrent Refinement Workers: 13
 Periodic GC: Disabled
Heap:
 garbage-first heap   total 245760K, used 186480K [0x0000000080000000, 0x0000000100000000)
  region size 1024K, 63 young (64512K), 5 survivors (5120K)
 Metaspace       used 110409K, committed 111232K, reserved 1179648K
  class space    used 14693K, committed 15104K, reserved 1048576K
GC Heap History (20 events):
Event: 8.263 GC heap before
{Heap before GC invocations=24 (full 0):
 garbage-first heap   total 122880K, used 94962K [0x0000000080000000, 0x0000000100000000)
  region size 1024K, 42 young (43008K), 4 survivors (4096K)
 Metaspace       used 56656K, committed 57344K, reserved 1114112K
  class space    used 7885K, committed 8256K, reserved 1048576K
}
Event: 8.265 GC heap after
{Heap after GC invocations=25 (full 0):
 garbage-first heap   total 122880K, used 57909K [0x0000000080000000, 0x0000000100000000)
  region size 1024K, 4 young (4096K), 4 survivors (4096K)
 Metaspace       used 56656K, committed 57344K, reserved 1114112K
  class space    used 7885K, committed 8256K, reserved 1048576K
}
Event: 8.391 GC heap before
{Heap before GC invocations=25 (full 0):
 garbage-first heap   total 122880K, used 95797K [0x0000000080000000, 0x0000000100000000)
  region size 1024K, 42 young (43008K), 4 survivors (4096K)
 Metaspace       used 56661K, committed 57344K, reserved 1114112K
  class space    used 7885K, committed 8256K, reserved 1048576K
}
Event: 8.394 GC heap after
{Heap after GC invocations=26 (full 0):
 garbage-first heap   total 245760K, used 58779K [0x0000000080000000, 0x0000000100000000)
  region size 1024K, 4 young (4096K), 4 survivors (4096K)
 Metaspace       used 56661K, committed 57344K, reserved 1114112K
  class space    used 7885K, committed 8256K, reserved 1048576K
}
Event: 9.374 GC heap before
{Heap before GC invocations=26 (full 0):
 garbage-first heap   total 245760K, used 203163K [0x0000000080000000, 0x0000000100000000)
  region size 1024K, 134 young (137216K), 4 survivors (4096K)
 Metaspace       used 64588K, committed 65280K, reserved 1114112K
  class space    used 8938K, committed 9280K, reserved 1048576K
}
Event: 9.379 GC heap after
{Heap after GC invocations=27 (full 0):
 garbage-first heap   total 245760K, used 77852K [0x0000000080000000, 0x0000000100000000)
  region size 1024K, 16 young (16384K), 16 survivors (16384K)
 Metaspace       used 64588K, committed 65280K, reserved 1114112K
  class space    used 8938K, committed 9280K, reserved 1048576K
}
Event: 10.379 GC heap before
{Heap before GC invocations=27 (full 0):
 garbage-first heap   total 245760K, used 195612K [0x0000000080000000, 0x0000000100000000)
  region size 1024K, 123 young (125952K), 16 survivors (16384K)
 Metaspace       used 75913K, committed 76672K, reserved 1179648K
  class space    used 10739K, committed 11136K, reserved 1048576K
}
Event: 10.385 GC heap after
{Heap after GC invocations=28 (full 0):
 garbage-first heap   total 245760K, used 83226K [0x0000000080000000, 0x0000000100000000)
  region size 1024K, 6 young (6144K), 6 survivors (6144K)
 Metaspace       used 75913K, committed 76672K, reserved 1179648K
  class space    used 10739K, committed 11136K, reserved 1048576K
}
Event: 11.553 GC heap before
{Heap before GC invocations=28 (full 0):
 garbage-first heap   total 245760K, used 191770K [0x0000000080000000, 0x0000000100000000)
  region size 1024K, 112 young (114688K), 6 survivors (6144K)
 Metaspace       used 82177K, committed 82944K, reserved 1179648K
  class space    used 11470K, committed 11840K, reserved 1048576K
}
Event: 11.556 GC heap after
{Heap after GC invocations=29 (full 0):
 garbage-first heap   total 245760K, used 87076K [0x0000000080000000, 0x0000000100000000)
  region size 1024K, 10 young (10240K), 10 survivors (10240K)
 Metaspace       used 82177K, committed 82944K, reserved 1179648K
  class space    used 11470K, committed 11840K, reserved 1048576K
}
Event: 12.158 GC heap before
{Heap before GC invocations=29 (full 0):
 garbage-first heap   total 245760K, used 212004K [0x0000000080000000, 0x0000000100000000)
  region size 1024K, 116 young (118784K), 10 survivors (10240K)
 Metaspace       used 88811K, committed 89664K, reserved 1179648K
  class space    used 12260K, committed 12672K, reserved 1048576K
}
Event: 12.169 GC heap after
{Heap after GC invocations=30 (full 0):
 garbage-first heap   total 245760K, used 108292K [0x0000000080000000, 0x0000000100000000)
  region size 1024K, 15 young (15360K), 15 survivors (15360K)
 Metaspace       used 88811K, committed 89664K, reserved 1179648K
  class space    used 12260K, committed 12672K, reserved 1048576K
}
Event: 12.655 GC heap before
{Heap before GC invocations=30 (full 0):
 garbage-first heap   total 245760K, used 178948K [0x0000000080000000, 0x0000000100000000)
  region size 1024K, 78 young (79872K), 15 survivors (15360K)
 Metaspace       used 93912K, committed 94720K, reserved 1179648K
  class space    used 12842K, committed 13248K, reserved 1048576K
}
Event: 12.662 GC heap after
{Heap after GC invocations=31 (full 0):
 garbage-first heap   total 245760K, used 124368K [0x0000000080000000, 0x0000000100000000)
  region size 1024K, 8 young (8192K), 8 survivors (8192K)
 Metaspace       used 93912K, committed 94720K, reserved 1179648K
  class space    used 12842K, committed 13248K, reserved 1048576K
}
Event: 13.152 GC heap before
{Heap before GC invocations=32 (full 0):
 garbage-first heap   total 245760K, used 188880K [0x0000000080000000, 0x0000000100000000)
  region size 1024K, 73 young (74752K), 8 survivors (8192K)
 Metaspace       used 101690K, committed 102464K, reserved 1179648K
  class space    used 13651K, committed 14016K, reserved 1048576K
}
Event: 13.156 GC heap after
{Heap after GC invocations=33 (full 0):
 garbage-first heap   total 245760K, used 126438K [0x0000000080000000, 0x0000000100000000)
  region size 1024K, 4 young (4096K), 4 survivors (4096K)
 Metaspace       used 101690K, committed 102464K, reserved 1179648K
  class space    used 13651K, committed 14016K, reserved 1048576K
}
Event: 13.208 GC heap before
{Heap before GC invocations=33 (full 0):
 garbage-first heap   total 245760K, used 134630K [0x0000000080000000, 0x0000000100000000)
  region size 1024K, 12 young (12288K), 4 survivors (4096K)
 Metaspace       used 102167K, committed 102976K, reserved 1179648K
  class space    used 13704K, committed 14080K, reserved 1048576K
}
Event: 13.210 GC heap after
{Heap after GC invocations=34 (full 0):
 garbage-first heap   total 245760K, used 124981K [0x0000000080000000, 0x0000000100000000)
  region size 1024K, 2 young (2048K), 2 survivors (2048K)
 Metaspace       used 102167K, committed 102976K, reserved 1179648K
  class space    used 13704K, committed 14080K, reserved 1048576K
}
Event: 13.772 GC heap before
{Heap before GC invocations=34 (full 0):
 garbage-first heap   total 245760K, used 195637K [0x0000000080000000, 0x0000000100000000)
  region size 1024K, 70 young (71680K), 2 survivors (2048K)
 Metaspace       used 107943K, committed 108736K, reserved 1179648K
  class space    used 14430K, committed 14784K, reserved 1048576K
}
Event: 13.775 GC heap after
{Heap after GC invocations=35 (full 0):
 garbage-first heap   total 245760K, used 128112K [0x0000000080000000, 0x0000000100000000)
  region size 1024K, 5 young (5120K), 5 survivors (5120K)
 Metaspace       used 107943K, committed 108736K, reserved 1179648K
  class space    used 14430K, committed 14784K, reserved 1048576K
}

